0 info it worked if it ends with ok
1 verbose cli [ '/Users/patrickvanvuuren/.nvm/versions/node/v6.7.0/bin/node',
1 verbose cli   '/Users/patrickvanvuuren/.nvm/versions/node/v6.7.0/bin/npm',
1 verbose cli   'install' ]
2 info using npm@3.10.3
3 info using node@v6.7.0
4 silly loadCurrentTree Starting
5 silly install loadCurrentTree
6 silly install readLocalPackageData
7 silly install normalizeTree
8 silly loadCurrentTree Finishing
9 silly loadIdealTree Starting
10 silly install loadIdealTree
11 silly cloneCurrentTree Starting
12 silly install cloneCurrentTreeToIdealTree
13 silly cloneCurrentTree Finishing
14 silly loadShrinkwrap Starting
15 silly install loadShrinkwrap
16 silly loadShrinkwrap Finishing
17 silly loadAllDepsIntoIdealTree Starting
18 silly install loadAllDepsIntoIdealTree
19 silly fetchNamedPackageData jasmine-node
20 silly mapToRegistry name jasmine-node
21 silly mapToRegistry using default registry
22 silly mapToRegistry registry https://registry.npmjs.org/
23 silly mapToRegistry data Result {
23 silly mapToRegistry   raw: 'jasmine-node',
23 silly mapToRegistry   scope: null,
23 silly mapToRegistry   escapedName: 'jasmine-node',
23 silly mapToRegistry   name: 'jasmine-node',
23 silly mapToRegistry   rawSpec: '',
23 silly mapToRegistry   spec: 'latest',
23 silly mapToRegistry   type: 'tag' }
24 silly mapToRegistry uri https://registry.npmjs.org/jasmine-node
25 verbose request uri https://registry.npmjs.org/jasmine-node
26 verbose request no auth needed
27 info attempt registry request try #1 at 5:47:24 PM
28 verbose request using bearer token for auth
29 verbose request id c56748b7ca18f69d
30 http request GET https://registry.npmjs.org/jasmine-node
31 info retry will retry, error on last attempt: Error: getaddrinfo ENOTFOUND registry.npmjs.org registry.npmjs.org:443
32 info attempt registry request try #2 at 5:47:34 PM
33 verbose request using bearer token for auth
34 http request GET https://registry.npmjs.org/jasmine-node
35 info retry will retry, error on last attempt: Error: getaddrinfo ENOTFOUND registry.npmjs.org registry.npmjs.org:443
36 info attempt registry request try #3 at 5:48:34 PM
37 verbose request using bearer token for auth
38 http request GET https://registry.npmjs.org/jasmine-node
39 silly fetchPackageMetaData Error: getaddrinfo ENOTFOUND registry.npmjs.org registry.npmjs.org:443
39 silly fetchPackageMetaData     at errnoException (dns.js:28:10)
39 silly fetchPackageMetaData     at GetAddrInfoReqWrap.onlookup [as oncomplete] (dns.js:76:26)
39 silly fetchPackageMetaData  error for jasmine-node@* { Error: getaddrinfo ENOTFOUND registry.npmjs.org registry.npmjs.org:443
39 silly fetchPackageMetaData     at errnoException (dns.js:28:10)
39 silly fetchPackageMetaData     at GetAddrInfoReqWrap.onlookup [as oncomplete] (dns.js:76:26)
39 silly fetchPackageMetaData   code: 'ENOTFOUND',
39 silly fetchPackageMetaData   errno: 'ENOTFOUND',
39 silly fetchPackageMetaData   syscall: 'getaddrinfo',
39 silly fetchPackageMetaData   hostname: 'registry.npmjs.org',
39 silly fetchPackageMetaData   host: 'registry.npmjs.org',
39 silly fetchPackageMetaData   port: 443 }
40 silly rollbackFailedOptional Starting
41 silly rollbackFailedOptional Finishing
42 silly runTopLevelLifecycles Starting
43 silly runTopLevelLifecycles Finishing
44 silly install printInstalled
45 verbose stack Error: getaddrinfo ENOTFOUND registry.npmjs.org registry.npmjs.org:443
45 verbose stack     at errnoException (dns.js:28:10)
45 verbose stack     at GetAddrInfoReqWrap.onlookup [as oncomplete] (dns.js:76:26)
46 verbose cwd /Users/patrickvanvuuren/Developer/exercism/javascript/acronym
47 error Darwin 16.1.0
48 error argv "/Users/patrickvanvuuren/.nvm/versions/node/v6.7.0/bin/node" "/Users/patrickvanvuuren/.nvm/versions/node/v6.7.0/bin/npm" "install"
49 error node v6.7.0
50 error npm  v3.10.3
51 error code ENOTFOUND
52 error errno ENOTFOUND
53 error syscall getaddrinfo
54 error network getaddrinfo ENOTFOUND registry.npmjs.org registry.npmjs.org:443
55 error network This is most likely not a problem with npm itself
55 error network and is related to network connectivity.
55 error network In most cases you are behind a proxy or have bad network settings.
55 error network
55 error network If you are behind a proxy, please make sure that the
55 error network 'proxy' config is set properly.  See: 'npm help config'
56 verbose exit [ 1, true ]
